Clic sur le bouton Demarrer Traitements
(Traitement 14090) Connection a la BD
(Traitement 14090) Armement du signal SIGALRM
(Traitement 14090) Reception du signal SIGALRM (14)
(Traitement 14090) Reception du signal SIGALRM (14)
(Traitement 14090) Reception du signal SIGALRM (14)
(Traitement 14090) Reception du signal SIGALRM (14)
(Traitement 14090) Reception du signal SIGALRM (14)
(Traitement 14090) Reception du signal SIGALRM (14)
(Traitement 14090) Reception du signal SIGALRM (14)
(Traitement 14090) Reception du signal SIGALRM (14)
(Traitement 14090) Reception du signal SIGALRM (14)
(Traitement 14090) Reception du signal SIGALRM (14)
(Traitement 14090) Reception du signal SIGALRM (14)
Clic sur le bouton Demarrer Traitements
(Traitement 14204) Connection a la BD
(Traitement 14204) Armement du signal SIGALRM
(Traitement 14206) Connection a la BD
(Traitement 14206) Armement du signal SIGALRM
(Traitement 14205) Connection a la BD
(Traitement 14205) Armement du signal SIGALRM
(Traitement 14204) Reception du signal SIGALRM (14)
(Traitement 14206) Reception du signal SIGALRM (14)
(Traitement 14205) Reception du signal SIGALRM (14)
(Traitement 14204) Reception du signal SIGALRM (14)
(Traitement 14206) Reception du signal SIGALRM (14)
(Traitement 14205) Reception du signal SIGALRM (14)
(Traitement 14204) Reception du signal SIGALRM (14)
(Traitement 14206) Reception du signal SIGALRM (14)
(Traitement 14205) Reception du signal SIGALRM (14)
(Traitement 14204) Reception du signal SIGALRM (14)
(Traitement 14206) Reception du signal SIGALRM (14)
(Traitement 14205) Reception du signal SIGALRM (14)
Clic sur le bouton Annuler2
(Traitement 14204) Reception du signal SIGALRM (14)
(Traitement 14206) Reception du signal SIGALRM (14)
(Traitement 14204) Reception du signal SIGALRM (14)
(Traitement 14206) Reception du signal SIGALRM (14)
(Traitement 14204) Reception du signal SIGALRM (14)
(Traitement 14206) Reception du signal SIGALRM (14)
(Traitement 14204) Reception du signal SIGALRM (14)
(Traitement 14204) Reception du signal SIGALRM (14)
Clic sur le bouton Quitter
Clic sur le bouton Demarrer Traitements
(Traitement 14359) Connection a la BD
(Traitement 14358) Connection a la BD
(Traitement 14359) Armement du signal SIGALRM
(Traitement 14358) Armement du signal SIGALRM
(Traitement 14357) Connection a la BD
(Traitement 14357) Armement du signal SIGALRM
(Traitement 14359) Reception du signal SIGALRM (14)
(Traitement 14358) Reception du signal SIGALRM (14)
(Traitement 14357) Reception du signal SIGALRM (14)
(Traitement 14359) Reception du signal SIGALRM (14)
(Traitement 14358) Reception du signal SIGALRM (14)
(Traitement 14357) Reception du signal SIGALRM (14)
(Traitement 14359) Reception du signal SIGALRM (14)
(Traitement 14358) Reception du signal SIGALRM (14)
(Traitement 14357) Reception du signal SIGALRM (14)
Clic sur le bouton Annuler2
(Traitement 14359) Reception du signal SIGALRM (14)
(Traitement 14357) Reception du signal SIGALRM (14)
(Traitement 14359) Reception du signal SIGALRM (14)
(Traitement 14357) Reception du signal SIGALRM (14)
(Traitement 14359) Reception du signal SIGALRM (14)
(Traitement 14357) Reception du signal SIGALRM (14)
(Traitement 14359) Reception du signal SIGALRM (14)
(Traitement 14357) Reception du signal SIGALRM (14)
Clic sur le bouton Annuler1
Clic sur le bouton Quitter
Clic sur le bouton Demarrer Traitements
(Traitement 14502) Connection a la BD
(Traitement 14500) Connection a la BD
(Traitement 14502) Armement du signal SIGALRM
(Traitement 14501) Connection a la BD
(Traitement 14500) Armement du signal SIGALRM
(Traitement 14501) Armement du signal SIGALRM
(Traitement 14502) Reception du signal SIGALRM (14)
(Traitement 14500) Reception du signal SIGALRM (14)
(Traitement 14501) Reception du signal SIGALRM (14)
(Traitement 14502) Reception du signal SIGALRM (14)
(Traitement 14500) Reception du signal SIGALRM (14)
(Traitement 14501) Reception du signal SIGALRM (14)
(Traitement 14502) Reception du signal SIGALRM (14)
(Traitement 14500) Reception du signal SIGALRM (14)
(Traitement 14501) Reception du signal SIGALRM (14)
(Traitement 14502) Reception du signal SIGALRM (14)
(Traitement 14500) Reception du signal SIGALRM (14)
(Traitement 14501) Reception du signal SIGALRM (14)
Clic sur le bouton Annuler2
(Traitement 14502) Reception du signal SIGALRM (14)
(Traitement 14500) Reception du signal SIGALRM (14)
(Traitement 14502) Reception du signal SIGALRM (14)
(Traitement 14500) Reception du signal SIGALRM (14)
(Traitement 14502) Reception du signal SIGALRM (14)
(Traitement 14500) Reception du signal SIGALRM (14)
(Traitement 14500) Reception du signal SIGALRM (14)
(Traitement 14500) Reception du signal SIGALRM (14)
Clic sur le bouton Quitter
Clic sur le bouton Demarrer Traitements
(Traitement 14578) Connection a la BD
(Traitement 14578) Armement du signal SIGALRM
(Traitement 14578) Reception du signal SIGALRM (14)
(Traitement 14578) Reception du signal SIGALRM (14)
(Traitement 14578) Reception du signal SIGALRM (14)
Clic sur le bouton Annuler1
Clic sur le bouton Quitter
