Clic sur le bouton Lancer Recherche
---1---
---1---
---1---
Clic sur le bouton Lancer Recherche
Lecture pour le groupe g2201
Lecture pour le groupe g2202
(5403) g2201  (attend 10 secondes)
(5404) g2202  (attend 6 secondes)
---6---
---10---
Clic sur le bouton Lancer Recherche
Lecture pour le groupe g2201
(5443) g2201  (attend 10 secondes)
---10---
Clic sur le bouton Lancer Recherche
Lecture pour le groupe g2201
(5447) g2201  (attend 10 secondes)
---10---
Clic sur le bouton Vider
------
------
------
Clic sur le bouton Vider
------
------
------
Clic sur le bouton Vider
------
------
------
Clic sur le bouton Lancer Recherche
---1---
---1---
Clic sur le bouton Lancer Recherche
Lecture pour le groupe g2203
Lecture pour le groupe g2201
(5785) g2203  (attend 8 secondes)
(5784) g2201  (attend 10 secondes)
---8---
---10---
Clic sur le bouton Vider
------
------
------
Clic sur le bouton Quitter
Clic sur le bouton Lancer Recherche
---1---
